This is LuaHBTeX, Version 1.18.0 (TeX Live 2024)  (format=lualatex 2024.12.26)  9 FEB 2025 10:06
 restricted system commands enabled.
**assetsfvp.tex
(/usr/local/texlive/2024/texmf-dist/tex/latex/tools/q.tex
! Interruption.
<everyjob> \directlua {
            require("lualatexquotejobname.lua")}\the \LaTeXReleaseInfo \begingr
l.1 
  %%
? 
! Emergency stop.
<everyjob> \directlua {
            require("lualatexquotejobname.lua")}\the \LaTeXReleaseInfo \begingr
l.1 
  %%
End of file on the terminal!



Here is how much of LuaTeX's memory you used:
 9 strings out of 475554
 100000,552014 words of node,token memory allocated 275 words of node memory still in use:
   1 hlist, 1 dir, 39 glue_spec nodes
   avail lists: 2:12,3:3,4:1
 23089 multiletter control sequences out of 65536+600000
 14 fonts using 591679 bytes
 2i,0n,0p,17b,6s stack positions out of 10000i,1000n,20000p,200000b,200000s
!  ==> Fatal error occurred, no output PDF file produced!
